2025-08-18 05:59:18,188 - root - INFO - Starting EuroSAT model training
2025-08-18 05:59:18,193 - root - INFO - System Resource Check:
2025-08-18 05:59:18,193 - root - INFO - Total Memory: 15.73 GB
2025-08-18 05:59:18,194 - root - INFO - Available Memory: 6.93 GB
2025-08-18 05:59:18,194 - root - INFO - CPU Cores: 12
2025-08-18 05:59:18,199 - root - INFO - GPU: NVIDIA GeForce RTX 2050
2025-08-18 05:59:18,199 - root - INFO - GPU Memory: 4.00 GB
2025-08-18 05:59:18,200 - root - INFO - Data availability check passed
2025-08-18 05:59:18,219 - root - INFO - Training configuration: {'data_path': 'D:\\pitech\\data\\processed', 'batch_size': 16, 'lr': 0.0003, 'weight_decay': 0.0001, 'epochs': 50, 'patience': 7, 'checkpoint_interval': 1, 'save_dir': 'D:\\pitech\\models\\trained', 'seed': 42, 'device': 'cuda'}
2025-08-18 05:59:18,219 - root - INFO - System resources: {'num_workers': 4, 'torch_threads': 4, 'max_memory': 0.75, 'gradient_accumulation': 2, 'use_amp': True, 'dropout': 0.3}
2025-08-18 05:59:18,220 - root - INFO - Initializing trainer...
2025-08-18 05:59:19,118 - root - ERROR - Training failed: tuple index out of range
Traceback (most recent call last):
  File "D:\pitech\train_model.py", line 177, in main
    trainer = MobileNetV3Trainer(config)  #  Fixed - only pass config
              ^^^^^^^^^^^^^^^^^^^^^^^^^^
  File "D:\pitech\src\training.py", line 73, in __init__
    self.device = self._get_device()
                  ^^^^^^^^^^^^^^^^^^
  File "D:\pitech\src\training.py", line 105, in _get_device
    if (mem_info[0] / mem_info[11]) < 0.2:
                      ~~~~~~~~^^^^
IndexError: tuple index out of range
2025-08-18 05:59:19,119 - root - INFO - Cleaning up resources...
